\BOOKMARK [0][-]{chapter*.1}{Abstract}{}% 1
\BOOKMARK [0][-]{chapter*.2}{Sommario}{}% 2
\BOOKMARK [0][-]{chapter*.3}{Acknowledgements}{}% 3
\BOOKMARK [0][-]{chapter*.5}{List\040of\040Figures}{}% 4
\BOOKMARK [0][-]{chapter*.6}{List\040of\040Tables}{}% 5
\BOOKMARK [0][-]{chapter*.7}{Introduction}{}% 6
\BOOKMARK [0][-]{chapter.1}{State\040of\040the\040Art}{}% 7
\BOOKMARK [1][-]{section.1.1}{Some\040different\040sections}{chapter.1}% 8
\BOOKMARK [1][-]{section.1.2}{Conclusive\040Remarks}{chapter.1}% 9
\BOOKMARK [0][-]{chapter.2}{Theoretical\040Background}{}% 10
\BOOKMARK [1][-]{section.2.1}{Some\040different\040sections}{chapter.2}% 11
\BOOKMARK [1][-]{section.2.2}{Remarks}{chapter.2}% 12
\BOOKMARK [0][-]{chapter.3}{Acoustic\040Scene\040Analysis\040and\040Manipulation}{}% 13
\BOOKMARK [1][-]{section.3.1}{Some\040different\040sections}{chapter.3}% 14
\BOOKMARK [1][-]{section.3.2}{Conclusive\040Remarks}{chapter.3}% 15
\BOOKMARK [0][-]{chapter.4}{Simulations\040and\040Tests}{}% 16
\BOOKMARK [1][-]{section.4.1}{Evaluation\040Metrics}{chapter.4}% 17
\BOOKMARK [1][-]{section.4.2}{Simulations}{chapter.4}% 18
\BOOKMARK [1][-]{section.4.3}{Experiments}{chapter.4}% 19
\BOOKMARK [1][-]{section.4.4}{Conclusive\040Remarks}{chapter.4}% 20
\BOOKMARK [0][-]{chapter.5}{Conclusions\040and\040Future\040Works}{}% 21
\BOOKMARK [1][-]{section.5.1}{Future\040Works}{chapter.5}% 22
\BOOKMARK [0][-]{appendix*.8}{Appendices}{}% 23
\BOOKMARK [1][-]{section.Alph0.1}{Equipment\0401}{appendix*.8}% 24
\BOOKMARK [1][-]{section.Alph0.2}{Proofs\040of\040Mathematical\040Theories1}{appendix*.8}% 25
